<?xml version="1.0" encoding="UTF-8"?>
<!-- Generated by org.testng.reporters.JUnitReportReporter -->
<testsuite hostname="DESKTOP-3TF8N7C" failures="0" tests="1" name="seleniumcomar.ComarTesting" time="6.393" errors="0" timestamp="2023-07-27T21:15:42 CEST" skipped="0">
  <testcase classname="seleniumcomar.ComarTesting" name="test_commar" time="6.393"/>
  <system-out/>
</testsuite> <!-- seleniumcomar.ComarTesting -->
